[self]
IAM=lineage2.exe|1396541850|928791
[misc]
Server=127.0.0.1
ModifyHost=0
[files]
fcount=178
F0=System\ActionName-e.dat|4277309678|9271|n
F1=System\actionname-ru.dat|3093634979|9273|n
F2=System\alaudio.dll|2101543026|65493|n
F3=System\alaudio.int|1019612301|976|n
F4=System\Armorgrp.dat|457398114|291460|n
F5=System\bighead.int|4040083367|465|n
F6=System\CastleName-e.dat|4251344619|2103|n
F7=System\castlename-ru.dat|2028585958|2361|n
F8=System\Chargrp.dat|2371837599|6061|n
F9=System\chatfilter.ini|137290553|390|n
F10=System\ClassInfo-e.dat|1852542925|2485|n
F11=System\classinfo-ru.dat|348861737|3127|n
F12=System\cloak.int|3105663791|319|n
F13=System\ClockInGame.ini|4175061405|261|n
F14=System\CommandName-e.dat|3729365324|1593|n
F15=System\commandname-ru.dat|3729365324|1595|n
F16=System\Core.dll|2271856113|372469|n
F17=System\core.int|2649768131|1666|n
F18=System\core.u|4178733026|23138|n
F19=System\CrashRpt1403.dll|40367447|112076|n
F20=System\creditfont.gly|3388573254|8339|n
F21=System\Creditgrp-e.dat|4197289091|949|n
F22=System\creditgrp-ru.dat|4197289091|951|n
F23=System\d3ddrv.dll|2634961373|576334|n
F24=System\d3ddrv.int|2009413587|381|n
F25=System\DSETUP.dll|3322898524|4687|n
F26=System\editor.u|3264014704|161421|n
F27=System\encvag.dll|1031434767|69464|n
F28=System\engine.dll|1894041595|4780802|n
F29=System\engine.int|2835073687|2677|n
F30=System\engine.u|3132337796|775517|n
F31=System\EnterEventgrp.dat|1215017819|5433|n
F32=System\env.int|174462615|1968|n
F33=System\EtcItemgrp.dat|2614310879|139867|n
F34=System\EULA-e.dat|432428803|13867|n
F35=System\eula-ru.dat|2758971192|3245|n
F36=System\fire.dll|938566100|65698|n
F37=System\fire.u|573978498|4584|n
F38=System\GameGrp.dat|672669936|233863|n
F39=System\gameplay.u|4005417526|63344|n
F40=System\GameTip-e.dat|3000915371|15153|n
F41=System\gametip-ru.dat|886519884|18488|n
F42=System\hair.int|845510389|2187|n
F43=System\Hairaccessorylocgrp.dat|1678453236|4805|n
F44=System\Hennagrp-e.dat|1157993287|2099|n
F45=System\hennagrp-ru.dat|1171628371|2229|n
F46=System\HuntingZone-e.dat|3967484166|7225|n
F47=System\huntingzone-ru.dat|2133271221|7739|n
F48=System\ifc23.dll|3996326490|93552|n
F49=System\InstantZoneData-e.dat|2288213643|1089|n
F50=System\instantzonedata-ru.dat|1380023393|1347|n
F51=System\interface.u|4048251750|866329|n
F52=System\interface.xdat|194274820|93187|n
F53=System\ipdrv.dll|79672718|109480|n
F54=System\ipdrv.int|746606829|738|n
F55=System\ipdrv.u|2817102628|23408|n
F56=System\ItemName-e.dat|1869146218|418096|n
F57=System\itemname-ru.dat|2060955011|434359|n
F58=System\ItemPrime.dat|2529351473|24502|n
F59=System\l2.exe|3831279327|129228|n
F60=System\l2.ini|338429745|3491|n
F61=System\l2.int|3403574337|218|n
F62=System\l2.log|1248104265|280|n
F63=System\L2CompiledShader.bin|1541160971|23766|n
F64=System\l2forecf.ffe|903581732|823|n
F65=System\l2precompiledshader.bin|2945974512|6598|n
F66=System\l2_skilltime.utx|1696357587|39720|n
F67=System\largefont-e.gly|4093176712|9489|n
F68=System\LargeFont-ru.gly|813216956|467|n
F69=System\largefont.gly|4128575742|9546|n
F70=System\Lineage2us.ini|1513714170|539|n
F71=System\lineagecreature.dll|4264273220|54219|n
F72=System\lineagecreature.u|593400081|4535|n
F73=System\lineagedeco.u|620334547|2366|n
F74=System\lineageeffect.u|3216954450|659121|n
F75=System\lineagemonster.int|553981233|13281|n
F76=System\lineagemonster.u|1961532677|44331|n
F77=System\lineagemonster2.int|3699619102|5014|n
F78=System\lineagemonster2.u|3626485850|18785|n
F79=System\lineagemonster3.int|1247495650|3878|n
F80=System\lineagemonster3.u|1347750017|20203|n
F81=System\lineagemonster4.int|2956791823|8004|n
F82=System\lineagemonster4.u|354055014|30872|n
F83=System\lineagenpc.int|2908136609|5367|n
F84=System\lineagenpc.u|921726838|25804|n
F85=System\lineagenpc2.int|305719109|4107|n
F86=System\lineagenpc2.u|830328849|37376|n
F87=System\lineagenpcev.u|1387941001|22768|n
F88=System\lineagesceneinfo.u|3388758114|7059|n
F89=System\lineageskilleffect.u|929524975|77735|n
F90=System\lineagevehicle.u|3305928763|5044|n
F91=System\lineagewarrior.int|3790017636|24964|n
F92=System\lineagewarrior.u|3331439606|8466|n
F93=System\localization.ini|2530150183|1217|n
F94=System\Logongrp.dat|3173717461|559|n
F95=System\Microsoft.VC80.OpenMP.manifest|2690026780|497|n
F96=System\MobSkillAnimgrp.dat|1708310639|104667|n
F97=System\msxml4.dll|3320109853|628254|n
F98=System\msxml4a.dll|474088287|12573|n
F99=System\msxml4g.dll|1251805178|65623|n
F100=System\msxml4r.dll|91242215|13409|n
F101=System\MusicInfo.dat|228649066|5169|n
F102=System\Npcgrp.dat|2142342194|348692|n
F103=System\NpcName-e.dat|3278174798|71749|n
F104=System\npcname-ru.dat|3886768810|89420|n
F105=System\npkcrypt.dll|2992745878|150027|n
F106=System\npkcrypt.sys|3641677030|12934|n
F107=System\npkcrypt.vxd|815372938|10989|n
F108=System\npkcusb.sys|3513906342|8212|n
F109=System\npkpdb.dll|3143883412|16977|n
F110=System\nsplash.dll|1386826897|38271|n
F111=System\nwindow.dll|1867892510|3803911|n
F112=System\nwindow.u|3609099057|107077|n
F113=System\Obscene-e.dat|1863350780|430|n
F114=System\obscene-ru.dat|2520882042|297|n
F115=System\ogg.dll|3661932618|26633|n
F116=System\openal32.dll|1567137641|52075|n
F117=System\Option.ini|770997179|884|n
F118=System\optiondata_client-e.dat|3121436672|168695|n
F119=System\optiondata_client-ru.dat|2193070585|175097|n
F120=System\predefinedshader.bin|1972488469|8687|n
F121=System\ProductName-e.dat|2123946662|2489|n
F122=System\productname-ru.dat|3150912726|9531|n
F123=System\QuestName-e.dat|1088673119|240507|n
F124=System\questname-ru.dat|3453593589|267527|n
F125=System\RaidData-e.dat|1602472317|33213|n
F126=System\raiddata-ru.dat|350148474|37823|n
F127=System\Recipe-c.dat|44084490|26420|n
F128=System\recipe-e.dat|254651518|26420|n
F129=System\recipe-ru.dat|1568410279|26422|n
F130=System\RideData.dat|290645747|815|n
F131=System\ScenePlayerData.dat|357158743|441|n
F132=System\ServerName-e.dat|4192191532|1207|n
F133=System\servername-ru.dat|4192191532|1209|n
F134=System\ShortcutAlias.dat|3971033680|2233|n
F135=System\skillgrp.dat|3840759790|265215|n
F136=System\SkillName-e.dat|2397459760|599785|n
F137=System\skillname-ru.dat|4071425307|786978|n
F138=System\SkillSoundgrp.dat|3231050593|74317|n
F139=System\smallfont-e.gly|1458849153|8809|n
F140=System\SmallFont-ru.gly|1048229576|461|n
F141=System\smallfont.gly|2368340244|8532|n
F142=System\soulshot.int|3240201415|591|n
F143=System\StaticObject-e.dat|4172141731|5179|n
F144=System\staticobject-ru.dat|3424296448|5437|n
F145=System\SymbolName-e.dat|1189692898|435|n
F146=System\symbolname-ru.dat|1189692898|437|n
F147=System\SysString-e.dat|3242384299|18618|n
F148=System\sysstring-ru.dat|4119313083|22076|n
F149=System\SystemMsg-e.dat|782746504|68553|n
F150=System\systemmsg-ru.dat|2636068262|77259|n
F151=System\s_info.ini|320838846|149|n
F152=System\timeenv0.int|3505078655|2037|n
F153=System\timeenv1.int|775309331|2018|n
F154=System\timeenv2.int|4245690507|1928|n
F155=System\timeenv3.int|1796665660|1844|n
F156=System\transformdata.dat|3211346383|1337|n
F157=System\ttfontinfo.ini|4262696533|507|n
F158=System\udebugmenu.u|676599361|47287|n
F159=System\unichat.dll|3744165517|4196|n
F160=System\user.ini|2131429219|5159|n
F161=System\uwindow.u|1185786175|173853|n
F162=System\variationeffectgrp-e.dat|382182885|1991|n
F163=System\variationeffectgrp-ru.dat|2244644791|1993|n
F164=System\vcomp.dll|285022042|24911|n
F165=System\VehiclePartsGrp.dat|2607275940|701|n
F166=System\vorbis.dll|2447108040|131984|n
F167=System\vorbisfile.dll|1325627412|50303|n
F168=System\Weapongrp.dat|1274971608|202093|n
F169=System\wform.bm|4273309150|283682|n
F170=System\window.dll|1456030113|177564|n
F171=System\window.int|1561643148|1263|n
F172=System\WindowsInfo.ini|1014037337|767|n
F173=System\windrv.dll|2831887938|88096|n
F174=System\windrv.int|142228167|515|n
F175=System\wrap_oal.dll|256447280|186081|n
F176=System\ZoneName-e.dat|1514693122|8627|n
F177=System\zonename-ru.dat|4116891555|9397|n
